2025-08-15T04:31:43.862+05:30  INFO 22052 --- [WebFluxDemo] [restartedMain] c.w.example.MonowebfluxApplication       : Starting MonowebfluxApplication using Java 17.0.15 with PID 22052 (D:\OLX-Apps\OLX-Updated\WebFluxMono\target\classes started by User in D:\OLX-Apps\OLX-Updated\WebFluxMono)
2025-08-15T04:31:43.862+05:30  INFO 22052 --- [WebFluxDemo] [restartedMain] c.w.example.MonowebfluxApplication       : No active profile set, falling back to 1 default profile: "default"
2025-08-15T04:31:44.317+05:30  INFO 22052 --- [WebFluxDemo] [restartedMain] .s.d.r.c.RepositoryConfigurationDelegate : Bootstrapping Spring Data R2DBC repositories in DEFAULT mode.
2025-08-15T04:31:44.334+05:30  INFO 22052 --- [WebFluxDemo] [restartedMain] .s.d.r.c.RepositoryConfigurationDelegate : Finished Spring Data repository scanning in 14 ms. Found 2 R2DBC repository interfaces.
2025-08-15T04:31:44.550+05:30  INFO 22052 --- [WebFluxDemo] [restartedMain] o.s.b.w.embedded.tomcat.TomcatWebServer  : Tomcat initialized with port 8081 (http)
2025-08-15T04:31:44.551+05:30  INFO 22052 --- [WebFluxDemo] [restartedMain] o.apache.catalina.core.StandardService   : Starting service [Tomcat]
2025-08-15T04:31:44.552+05:30  INFO 22052 --- [WebFluxDemo] [restartedMain] o.apache.catalina.core.StandardEngine    : Starting Servlet engine: [Apache Tomcat/10.1.42]
2025-08-15T04:31:44.618+05:30  INFO 22052 --- [WebFluxDemo] [restartedMain] o.a.c.c.C.[Tomcat].[localhost].[/]       : Initializing Spring embedded WebApplicationContext
2025-08-15T04:31:44.619+05:30  INFO 22052 --- [WebFluxDemo] [restartedMain] w.s.c.ServletWebServerApplicationContext : Root WebApplicationContext: initialization completed in 753 ms
2025-08-15T04:31:44.726+05:30  INFO 22052 --- [WebFluxDemo] [restartedMain] o.s.b.d.a.OptionalLiveReloadServer       : LiveReload server is running on port 35729
2025-08-15T04:31:45.048+05:30  INFO 22052 --- [WebFluxDemo] [restartedMain] o.s.b.w.embedded.tomcat.TomcatWebServer  : Tomcat started on port 8081 (http) with context path '/'
2025-08-15T04:31:45.062+05:30  INFO 22052 --- [WebFluxDemo] [restartedMain] c.w.example.MonowebfluxApplication       : Started MonowebfluxApplication in 1.354 seconds (process running for 3041.701)
2025-08-15T04:31:45.066+05:30  INFO 22052 --- [WebFluxDemo] [restartedMain] .ConditionEvaluationDeltaLoggingListener : Condition evaluation unchanged
2025-08-15T04:33:07.732+05:30  INFO 22052 --- [WebFluxDemo] [File Watcher] rtingClassPathChangeChangedEventListener : Restarting due to 1 class path change (0 additions, 0 deletions, 1 modification)
2025-08-15T04:33:07.735+05:30  INFO 22052 --- [WebFluxDemo] [Thread-78] o.s.b.w.e.tomcat.GracefulShutdown        : Commencing graceful shutdown. Waiting for active requests to complete
2025-08-15T04:33:07.920+05:30  INFO 22052 --- [WebFluxDemo] [tomcat-shutdown] o.s.b.w.e.tomcat.GracefulShutdown        : Graceful shutdown complete
2025-08-15T04:33:08.136+05:30  INFO 22052 --- [WebFluxDemo] [restartedMain] c.w.example.MonowebfluxApplication       : Starting MonowebfluxApplication using Java 17.0.15 with PID 22052 (D:\OLX-Apps\OLX-Updated\WebFluxMono\target\classes started by User in D:\OLX-Apps\OLX-Updated\WebFluxMono)
2025-08-15T04:33:08.136+05:30  INFO 22052 --- [WebFluxDemo] [restartedMain] c.w.example.MonowebfluxApplication       : No active profile set, falling back to 1 default profile: "default"
2025-08-15T04:33:08.616+05:30  INFO 22052 --- [WebFluxDemo] [restartedMain] .s.d.r.c.RepositoryConfigurationDelegate : Bootstrapping Spring Data R2DBC repositories in DEFAULT mode.
2025-08-15T04:33:08.633+05:30  INFO 22052 --- [WebFluxDemo] [restartedMain] .s.d.r.c.RepositoryConfigurationDelegate : Finished Spring Data repository scanning in 14 ms. Found 2 R2DBC repository interfaces.
2025-08-15T04:33:08.832+05:30  INFO 22052 --- [WebFluxDemo] [restartedMain] o.s.b.w.embedded.tomcat.TomcatWebServer  : Tomcat initialized with port 8081 (http)
2025-08-15T04:33:08.834+05:30  INFO 22052 --- [WebFluxDemo] [restartedMain] o.apache.catalina.core.StandardService   : Starting service [Tomcat]
2025-08-15T04:33:08.835+05:30  INFO 22052 --- [WebFluxDemo] [restartedMain] o.apache.catalina.core.StandardEngine    : Starting Servlet engine: [Apache Tomcat/10.1.42]
2025-08-15T04:33:08.901+05:30  INFO 22052 --- [WebFluxDemo] [restartedMain] o.a.c.c.C.[Tomcat].[localhost].[/]       : Initializing Spring embedded WebApplicationContext
2025-08-15T04:33:08.902+05:30  INFO 22052 --- [WebFluxDemo] [restartedMain] w.s.c.ServletWebServerApplicationContext : Root WebApplicationContext: initialization completed in 760 ms
2025-08-15T04:33:08.988+05:30  INFO 22052 --- [WebFluxDemo] [restartedMain] o.s.b.d.a.OptionalLiveReloadServer       : LiveReload server is running on port 35729
2025-08-15T04:33:09.233+05:30  INFO 22052 --- [WebFluxDemo] [restartedMain] o.s.b.w.embedded.tomcat.TomcatWebServer  : Tomcat started on port 8081 (http) with context path '/'
2025-08-15T04:33:09.260+05:30  INFO 22052 --- [WebFluxDemo] [restartedMain] c.w.example.MonowebfluxApplication       : Started MonowebfluxApplication in 1.216 seconds (process running for 3125.899)
2025-08-15T04:33:09.263+05:30  INFO 22052 --- [WebFluxDemo] [restartedMain] .ConditionEvaluationDeltaLoggingListener : Condition evaluation unchanged
2025-08-15T04:33:16.950+05:30  INFO 22052 --- [WebFluxDemo] [http-nio-8081-exec-2] o.a.c.c.C.[Tomcat].[localhost].[/]       : Initializing Spring DispatcherServlet 'dispatcherServlet'
2025-08-15T04:33:16.950+05:30  INFO 22052 --- [WebFluxDemo] [http-nio-8081-exec-2] o.s.web.servlet.DispatcherServlet        : Initializing Servlet 'dispatcherServlet'
2025-08-15T04:33:16.952+05:30  INFO 22052 --- [WebFluxDemo] [http-nio-8081-exec-2] o.s.web.servlet.DispatcherServlet        : Completed initialization in 1 ms
2025-08-15T04:33:17.995+05:30  INFO 22052 --- [WebFluxDemo] [http-nio-8081-exec-4] c.w.example.controller.MockUserApi       : User Found in DB: u1
2025-08-15T04:33:17.995+05:30  INFO 22052 --- [WebFluxDemo] [http-nio-8081-exec-3] c.w.example.controller.MockUserApi       : User Found in DB: u4
2025-08-15T04:33:19.017+05:30  INFO 22052 --- [WebFluxDemo] [http-nio-8081-exec-4] c.w.example.controller.MockUserApi       : User Found in DB: u5
2025-08-15T04:33:19.019+05:30  INFO 22052 --- [WebFluxDemo] [http-nio-8081-exec-7] c.w.example.controller.MockUserApi       : User Found in DB: u2
2025-08-15T04:33:20.036+05:30  INFO 22052 --- [WebFluxDemo] [http-nio-8081-exec-6] c.w.example.controller.MockUserApi       : User Found in DB: u6
2025-08-15T04:33:20.047+05:30  INFO 22052 --- [WebFluxDemo] [http-nio-8081-exec-9] c.w.example.controller.MockUserApi       : User Found in DB: u3
2025-08-15T04:38:46.521+05:30  INFO 22052 --- [WebFluxDemo] [File Watcher] rtingClassPathChangeChangedEventListener : Restarting due to 1 class path change (0 additions, 0 deletions, 1 modification)
2025-08-15T04:38:46.540+05:30  INFO 22052 --- [WebFluxDemo] [Thread-82] o.s.b.w.e.tomcat.GracefulShutdown        : Commencing graceful shutdown. Waiting for active requests to complete
2025-08-15T04:38:46.956+05:30  INFO 22052 --- [WebFluxDemo] [tomcat-shutdown] o.s.b.w.e.tomcat.GracefulShutdown        : Graceful shutdown complete
2025-08-15T04:38:47.232+05:30  INFO 22052 --- [WebFluxDemo] [restartedMain] c.w.example.MonowebfluxApplication       : Starting MonowebfluxApplication using Java 17.0.15 with PID 22052 (D:\OLX-Apps\OLX-Updated\WebFluxMono\target\classes started by User in D:\OLX-Apps\OLX-Updated\WebFluxMono)
2025-08-15T04:38:47.233+05:30  INFO 22052 --- [WebFluxDemo] [restartedMain] c.w.example.MonowebfluxApplication       : No active profile set, falling back to 1 default profile: "default"
2025-08-15T04:38:48.024+05:30  INFO 22052 --- [WebFluxDemo] [restartedMain] .s.d.r.c.RepositoryConfigurationDelegate : Bootstrapping Spring Data R2DBC repositories in DEFAULT mode.
2025-08-15T04:38:48.043+05:30  INFO 22052 --- [WebFluxDemo] [restartedMain] .s.d.r.c.RepositoryConfigurationDelegate : Finished Spring Data repository scanning in 16 ms. Found 2 R2DBC repository interfaces.
2025-08-15T04:38:48.414+05:30  INFO 22052 --- [WebFluxDemo] [restartedMain] o.s.b.w.embedded.tomcat.TomcatWebServer  : Tomcat initialized with port 8081 (http)
2025-08-15T04:38:48.417+05:30  INFO 22052 --- [WebFluxDemo] [restartedMain] o.apache.catalina.core.StandardService   : Starting service [Tomcat]
2025-08-15T04:38:48.418+05:30  INFO 22052 --- [WebFluxDemo] [restartedMain] o.apache.catalina.core.StandardEngine    : Starting Servlet engine: [Apache Tomcat/10.1.42]
2025-08-15T04:38:48.528+05:30  INFO 22052 --- [WebFluxDemo] [restartedMain] o.a.c.c.C.[Tomcat].[localhost].[/]       : Initializing Spring embedded WebApplicationContext
2025-08-15T04:38:48.528+05:30  INFO 22052 --- [WebFluxDemo] [restartedMain] w.s.c.ServletWebServerApplicationContext : Root WebApplicationContext: initialization completed in 1289 ms
2025-08-15T04:38:48.636+05:30  INFO 22052 --- [WebFluxDemo] [restartedMain] o.s.b.d.a.OptionalLiveReloadServer       : LiveReload server is running on port 35729
2025-08-15T04:38:48.956+05:30  INFO 22052 --- [WebFluxDemo] [restartedMain] o.s.b.w.embedded.tomcat.TomcatWebServer  : Tomcat started on port 8081 (http) with context path '/'
2025-08-15T04:38:48.973+05:30  INFO 22052 --- [WebFluxDemo] [restartedMain] c.w.example.MonowebfluxApplication       : Started MonowebfluxApplication in 1.825 seconds (process running for 3465.612)
2025-08-15T04:38:48.982+05:30  INFO 22052 --- [WebFluxDemo] [restartedMain] .ConditionEvaluationDeltaLoggingListener : Condition evaluation unchanged
2025-08-15T04:46:30.165+05:30  INFO 22052 --- [WebFluxDemo] [http-nio-8081-exec-4] o.a.c.c.C.[Tomcat].[localhost].[/]       : Initializing Spring DispatcherServlet 'dispatcherServlet'
2025-08-15T04:46:30.165+05:30  INFO 22052 --- [WebFluxDemo] [http-nio-8081-exec-4] o.s.web.servlet.DispatcherServlet        : Initializing Servlet 'dispatcherServlet'
2025-08-15T04:46:30.169+05:30  INFO 22052 --- [WebFluxDemo] [http-nio-8081-exec-4] o.s.web.servlet.DispatcherServlet        : Completed initialization in 3 ms
2025-08-15T04:46:31.253+05:30  INFO 22052 --- [WebFluxDemo] [http-nio-8081-exec-3] c.w.example.controller.MockUserApi       : User Found in DB: u1
2025-08-15T04:46:31.264+05:30  INFO 22052 --- [WebFluxDemo] [http-nio-8081-exec-2] c.w.example.controller.MockUserApi       : User Found in DB: u4
2025-08-15T04:46:32.275+05:30  INFO 22052 --- [WebFluxDemo] [http-nio-8081-exec-5] c.w.example.controller.MockUserApi       : User Found in DB: u2
2025-08-15T04:46:32.287+05:30  INFO 22052 --- [WebFluxDemo] [http-nio-8081-exec-6] c.w.example.controller.MockUserApi       : User Found in DB: u5
2025-08-15T04:46:33.288+05:30  INFO 22052 --- [WebFluxDemo] [http-nio-8081-exec-7] c.w.example.controller.MockUserApi       : User Found in DB: u3
2025-08-15T04:46:33.297+05:30  INFO 22052 --- [WebFluxDemo] [http-nio-8081-exec-8] c.w.example.controller.MockUserApi       : User Found in DB: u6
2025-08-15T04:48:39.332+05:30  INFO 22052 --- [WebFluxDemo] [http-nio-8081-exec-6] c.w.example.controller.MockUserApi       : User Found in DB: u1
2025-08-15T04:48:39.338+05:30  INFO 22052 --- [WebFluxDemo] [http-nio-8081-exec-7] c.w.example.controller.MockUserApi       : User Found in DB: u4
2025-08-15T04:48:40.344+05:30  INFO 22052 --- [WebFluxDemo] [http-nio-8081-exec-8] c.w.example.controller.MockUserApi       : User Found in DB: u2
2025-08-15T04:48:40.351+05:30  INFO 22052 --- [WebFluxDemo] [http-nio-8081-exec-10] c.w.example.controller.MockUserApi       : User Found in DB: u5
2025-08-15T04:48:41.352+05:30  INFO 22052 --- [WebFluxDemo] [http-nio-8081-exec-9] c.w.example.controller.MockUserApi       : User Found in DB: u3
2025-08-15T04:48:41.363+05:30  INFO 22052 --- [WebFluxDemo] [http-nio-8081-exec-1] c.w.example.controller.MockUserApi       : User Found in DB: u6
2025-08-15T04:58:41.062+05:30  INFO 22052 --- [WebFluxDemo] [http-nio-8081-exec-10] c.w.example.controller.MockUserApi       : User Found in DB: u1
2025-08-15T04:58:41.066+05:30  INFO 22052 --- [WebFluxDemo] [http-nio-8081-exec-9] c.w.example.controller.MockUserApi       : User Found in DB: u4
2025-08-15T04:58:42.074+05:30  INFO 22052 --- [WebFluxDemo] [http-nio-8081-exec-1] c.w.example.controller.MockUserApi       : User Found in DB: u2
2025-08-15T04:58:42.098+05:30  INFO 22052 --- [WebFluxDemo] [http-nio-8081-exec-3] c.w.example.controller.MockUserApi       : User Found in DB: u5
2025-08-15T04:58:43.154+05:30  INFO 22052 --- [WebFluxDemo] [http-nio-8081-exec-2] c.w.example.controller.MockUserApi       : User Found in DB: u6
2025-08-15T04:58:43.154+05:30  INFO 22052 --- [WebFluxDemo] [http-nio-8081-exec-4] c.w.example.controller.MockUserApi       : User Found in DB: u3
2025-08-15T04:59:11.179+05:30  INFO 22052 --- [WebFluxDemo] [http-nio-8081-exec-7] c.w.example.controller.MockUserApi       : User Found in DB: u1
2025-08-15T04:59:11.180+05:30  INFO 22052 --- [WebFluxDemo] [http-nio-8081-exec-8] c.w.example.controller.MockUserApi       : User Found in DB: u4
2025-08-15T04:59:12.186+05:30  INFO 22052 --- [WebFluxDemo] [http-nio-8081-exec-10] c.w.example.controller.MockUserApi       : User Found in DB: u2
2025-08-15T04:59:12.191+05:30  INFO 22052 --- [WebFluxDemo] [http-nio-8081-exec-9] c.w.example.controller.MockUserApi       : User Found in DB: u5
2025-08-15T04:59:13.215+05:30  INFO 22052 --- [WebFluxDemo] [http-nio-8081-exec-1] c.w.example.controller.MockUserApi       : User Found in DB: u3
2025-08-15T04:59:13.216+05:30  INFO 22052 --- [WebFluxDemo] [http-nio-8081-exec-3] c.w.example.controller.MockUserApi       : User Found in DB: u6
2025-08-15T04:59:52.867+05:30  INFO 22052 --- [WebFluxDemo] [http-nio-8081-exec-5] c.w.example.controller.MockUserApi       : User Found in DB: u1
2025-08-15T04:59:52.869+05:30  INFO 22052 --- [WebFluxDemo] [http-nio-8081-exec-6] c.w.example.controller.MockUserApi       : User Found in DB: u4
2025-08-15T04:59:53.874+05:30  INFO 22052 --- [WebFluxDemo] [http-nio-8081-exec-7] c.w.example.controller.MockUserApi       : User Found in DB: u2
2025-08-15T04:59:53.877+05:30  INFO 22052 --- [WebFluxDemo] [http-nio-8081-exec-8] c.w.example.controller.MockUserApi       : User Found in DB: u5
2025-08-15T04:59:54.882+05:30  INFO 22052 --- [WebFluxDemo] [http-nio-8081-exec-10] c.w.example.controller.MockUserApi       : User Found in DB: u3
2025-08-15T04:59:54.889+05:30  INFO 22052 --- [WebFluxDemo] [http-nio-8081-exec-9] c.w.example.controller.MockUserApi       : User Found in DB: u6
2025-08-15T05:13:00.399+05:30  INFO 22052 --- [WebFluxDemo] [RMI TCP Connection(147)-127.0.0.1] inMXBeanRegistrar$SpringApplicationAdmin : Application shutdown requested.
2025-08-15T05:13:00.401+05:30  INFO 22052 --- [WebFluxDemo] [RMI TCP Connection(147)-127.0.0.1] o.s.b.w.e.tomcat.GracefulShutdown        : Commencing graceful shutdown. Waiting for active requests to complete
2025-08-15T05:13:00.734+05:30  INFO 22052 --- [WebFluxDemo] [tomcat-shutdown] o.s.b.w.e.tomcat.GracefulShutdown        : Graceful shutdown complete
