2025-08-23 02:14:16.312  INFO 11180 --- [restartedMain] c.z.EntityRelationshipProjectApplication : Starting EntityRelationshipProjectApplication using Java 17.0.15 on WINDOWS-B565NTI with PID 11180 (D:\OLX-Apps\OLX-Updated\EntityRelationshipProject\target\classes started by User in D:\OLX-Apps\OLX-Updated\EntityRelationshipProject)
2025-08-23 02:14:16.313  INFO 11180 --- [restartedMain] c.z.EntityRelationshipProjectApplication : No active profile set, falling back to default profiles: default
2025-08-23 02:14:17.357  INFO 11180 --- [restartedMain] .e.DevToolsPropertyDefaultsPostProcessor : Devtools property defaults active! Set 'spring.devtools.add-properties' to 'false' to disable
2025-08-23 02:14:17.357  INFO 11180 --- [restartedMain] .e.DevToolsPropertyDefaultsPostProcessor : For additional web related logging consider setting the 'logging.level.web' property to 'DEBUG'
2025-08-23 02:14:24.468  INFO 11180 --- [restartedMain] .s.d.r.c.RepositoryConfigurationDelegate : Bootstrapping Spring Data JPA repositories in DEFAULT mode.
2025-08-23 02:14:26.069  INFO 11180 --- [restartedMain] .s.d.r.c.RepositoryConfigurationDelegate : Finished Spring Data repository scanning in 1478 ms. Found 4 JPA repository interfaces.
2025-08-23 02:14:35.369  INFO 11180 --- [restartedMain] o.s.b.w.embedded.tomcat.TomcatWebServer  : Tomcat initialized with port(s): 8080 (http)
2025-08-23 02:14:35.751  INFO 11180 --- [restartedMain] o.apache.catalina.core.StandardService   : Starting service [Tomcat]
2025-08-23 02:14:35.752  INFO 11180 --- [restartedMain] org.apache.catalina.core.StandardEngine  : Starting Servlet engine: [Apache Tomcat/9.0.56]
2025-08-23 02:14:37.420  INFO 11180 --- [restartedMain] o.a.c.c.C.[Tomcat].[localhost].[/]       : Initializing Spring embedded WebApplicationContext
2025-08-23 02:14:37.421  INFO 11180 --- [restartedMain] w.s.c.ServletWebServerApplicationContext : Root WebApplicationContext: initialization completed in 20062 ms
2025-08-23 02:14:42.131  INFO 11180 --- [restartedMain] o.hibernate.jpa.internal.util.LogHelper  : HHH000204: Processing PersistenceUnitInfo [name: default]
2025-08-23 02:14:44.095  INFO 11180 --- [restartedMain] org.hibernate.Version                    : HHH000412: Hibernate ORM core version 5.6.4.Final
2025-08-23 02:14:48.665  INFO 11180 --- [restartedMain] o.hibernate.annotations.common.Version   : HCANN000001: Hibernate Commons Annotations {5.1.2.Final}
2025-08-23 02:14:52.094  INFO 11180 --- [restartedMain] com.zaxxer.hikari.HikariDataSource       : HikariPool-1 - Starting...
2025-08-23 02:15:07.109  INFO 11180 --- [restartedMain] com.zaxxer.hikari.HikariDataSource       : HikariPool-1 - Start completed.
2025-08-23 02:15:07.481  INFO 11180 --- [restartedMain] org.hibernate.dialect.Dialect            : HHH000400: Using dialect: org.hibernate.dialect.PostgreSQLDialect
2025-08-23 02:15:13.501  INFO 11180 --- [restartedMain] o.h.e.t.j.p.i.JtaPlatformInitiator       : HHH000490: Using JtaPlatform implementation: [org.hibernate.engine.transaction.jta.platform.internal.NoJtaPlatform]
2025-08-23 02:15:13.536  INFO 11180 --- [restartedMain] j.LocalContainerEntityManagerFactoryBean : Initialized JPA EntityManagerFactory for persistence unit 'default'
2025-08-23 02:15:16.033  WARN 11180 --- [restartedMain] JpaBaseConfiguration$JpaWebConfiguration : spring.jpa.open-in-view is enabled by default. Therefore, database queries may be performed during view rendering. Explicitly configure spring.jpa.open-in-view to disable this warning
2025-08-23 02:15:19.068  INFO 11180 --- [restartedMain] o.s.b.d.a.OptionalLiveReloadServer       : LiveReload server is running on port 35729
2025-08-23 02:15:19.668  INFO 11180 --- [restartedMain] o.s.b.w.embedded.tomcat.TomcatWebServer  : Tomcat started on port(s): 8080 (http) with context path ''
2025-08-23 02:15:19.737  INFO 11180 --- [restartedMain] c.z.EntityRelationshipProjectApplication : Started EntityRelationshipProjectApplication in 66.606 seconds (JVM running for 75.376)
2025-08-23 02:15:58.053  INFO 11180 --- [RMI TCP Connection(11)-127.0.0.1] inMXBeanRegistrar$SpringApplicationAdmin : Application shutdown requested.
2025-08-23 02:15:58.167  INFO 11180 --- [RMI TCP Connection(11)-127.0.0.1] j.LocalContainerEntityManagerFactoryBean : Closing JPA EntityManagerFactory for persistence unit 'default'
2025-08-23 02:15:58.195  INFO 11180 --- [RMI TCP Connection(11)-127.0.0.1] com.zaxxer.hikari.HikariDataSource       : HikariPool-1 - Shutdown initiated...
2025-08-23 02:15:58.934  INFO 11180 --- [RMI TCP Connection(11)-127.0.0.1] com.zaxxer.hikari.HikariDataSource       : HikariPool-1 - Shutdown completed.
